<?xml version="1.0" encoding="UTF-8"?>
<robot generator="Robot 5.0 (Python 3.10.4 on win32)" generated="20220628 16:12:44.584" rpa="false" schemaversion="3">
<suite id="s1" name="Amazon Testes" source="C:\CursoUdemy\RobotFramework\WebTesting\amazon_testes.robot">
<test id="s1-t1" name="Caso de Teste 01 - Acesso ao menu &quot;Eletronicos&quot;" line="8">
<kw name="Abrir o navegador" library="amazon_resources" type="SETUP">
<kw name="Open Browser" library="SeleniumLibrary">
<arg>browser=chrome</arg>
<doc>Opens a new browser instance to the optional ``url``.</doc>
<msg timestamp="20220628 16:12:44.827" level="INFO">Opening browser 'chrome' to base url 'None'.</msg>
<msg timestamp="20220628 16:12:48.182" level="INFO">Cannot capture screenshot because no browser is open.</msg>
<msg timestamp="20220628 16:12:48.182" level="FAIL">SessionNotCreatedException: Message: session not created: This version of ChromeDriver only supports Chrome version 100
Current browser version is 102.0.5005.115 with binary path C:\Program Files\Google\Chrome\Application\chrome.exe
Stacktrace:
Backtrace:
	Ordinal0 [0x01067413+2389011]
	Ordinal0 [0x00FF9F61+1941345]
	Ordinal0 [0x00EEC658+837208]
	Ordinal0 [0x00F0C773+968563]
	Ordinal0 [0x00F0837A+951162]
	Ordinal0 [0x00F05C51+941137]
	Ordinal0 [0x00F38C80+1150080]
	Ordinal0 [0x00F388DA+1149146]
	Ordinal0 [0x00F33F66+1130342]
	Ordinal0 [0x00F0E546+976198]
	Ordinal0 [0x00F0F456+980054]
	GetHandleVerifier [0x01219632+1727522]
	GetHandleVerifier [0x012CBA4D+2457661]
	GetHandleVerifier [0x010FEB81+569713]
	GetHandleVerifier [0x010FDD76+566118]
	Ordinal0 [0x01000B2B+1968939]
	Ordinal0 [0x01005988+1989000]
	Ordinal0 [0x01005A75+1989237]
	Ordinal0 [0x0100ECB1+2026673]
	BaseThreadInitThunk [0x76A6FA29+25]
	RtlGetAppContainerNamedObjectPath [0x77447A9E+286]
	RtlGetAppContainerNamedObjectPath [0x77447A6E+238]
</msg>
<status status="FAIL" starttime="20220628 16:12:44.826" endtime="20220628 16:12:48.220"/>
</kw>
<kw name="Maximize Browser Window" library="SeleniumLibrary">
<doc>Maximizes current browser window.</doc>
<status status="NOT RUN" starttime="20220628 16:12:48.221" endtime="20220628 16:12:48.221"/>
</kw>
<status status="FAIL" starttime="20220628 16:12:44.826" endtime="20220628 16:12:48.221"/>
</kw>
<kw name="Fechar o navegador" library="amazon_resources" type="TEARDOWN">
<kw name="Capture Page Screenshot" library="SeleniumLibrary">
<doc>Takes a screenshot of the current page and embeds it into a log file.</doc>
<msg timestamp="20220628 16:12:48.228" level="INFO">Cannot capture screenshot because no browser is open.</msg>
<status status="PASS" starttime="20220628 16:12:48.227" endtime="20220628 16:12:48.228"/>
</kw>
<kw name="Close Browser" library="SeleniumLibrary">
<doc>Closes the current browser.</doc>
<status status="PASS" starttime="20220628 16:12:48.228" endtime="20220628 16:12:48.228"/>
</kw>
<status status="PASS" starttime="20220628 16:12:48.226" endtime="20220628 16:12:48.228"/>
</kw>
<doc>Esse teste verifica o menu eletrônico do site da Amazon.com.br
e verifica a categoria Computadores e Informática</doc>
<tag>Menus</tag>
<status status="FAIL" starttime="20220628 16:12:44.825" endtime="20220628 16:12:48.229">Setup failed:
SessionNotCreatedException: Message: session not created: This version of ChromeDriver only supports Chrome version 100
Current browser version is 102.0.5005.115 with binary path C:\Program Files\Google\Chrome\Application\chrome.exe
Stacktrace:
Backtrace:
	Ordinal0 [0x01067413+2389011]
	Ordinal0 [0x00FF9F61+1941345]
	Ordinal0 [0x00EEC658+837208]
	Ordinal0 [0x00F0C773+968563]
	Ordinal0 [0x00F0837A+951162]
	Ordinal0 [0x00F05C51+941137]
	Ordinal0 [0x00F38C80+1150080]
	Ordinal0 [0x00F388DA+1149146]
	Ordinal0 [0x00F33F66+1130342]
	Ordinal0 [0x00F0E546+976198]
	Ordinal0 [0x00F0F456+980054]
	GetHandleVerifier [0x01219632+1727522]
	GetHandleVerifier [0x012CBA4D+2457661]
	GetHandleVerifier [0x010FEB81+569713]
	GetHandleVerifier [0x010FDD76+566118]
	Ordinal0 [0x01000B2B+1968939]
	Ordinal0 [0x01005988+1989000]
	Ordinal0 [0x01005A75+1989237]
	Ordinal0 [0x0100ECB1+2026673]
	BaseThreadInitThunk [0x76A6FA29+25]
	RtlGetAppContainerNamedObjectPath [0x77447A9E+286]
	RtlGetAppContainerNamedObjectPath [0x77447A6E+238]
</status>
</test>
<test id="s1-t2" name="Caso de Teste 02 - Pesquisa de um produto" line="18">
<kw name="Abrir o navegador" library="amazon_resources" type="SETUP">
<kw name="Open Browser" library="SeleniumLibrary">
<arg>browser=chrome</arg>
<doc>Opens a new browser instance to the optional ``url``.</doc>
<msg timestamp="20220628 16:12:48.240" level="INFO">Opening browser 'chrome' to base url 'None'.</msg>
<msg timestamp="20220628 16:12:51.554" level="INFO">Cannot capture screenshot because no browser is open.</msg>
<msg timestamp="20220628 16:12:51.555" level="FAIL">SessionNotCreatedException: Message: session not created: This version of ChromeDriver only supports Chrome version 100
Current browser version is 102.0.5005.115 with binary path C:\Program Files\Google\Chrome\Application\chrome.exe
Stacktrace:
Backtrace:
	Ordinal0 [0x01067413+2389011]
	Ordinal0 [0x00FF9F61+1941345]
	Ordinal0 [0x00EEC658+837208]
	Ordinal0 [0x00F0C773+968563]
	Ordinal0 [0x00F0837A+951162]
	Ordinal0 [0x00F05C51+941137]
	Ordinal0 [0x00F38C80+1150080]
	Ordinal0 [0x00F388DA+1149146]
	Ordinal0 [0x00F33F66+1130342]
	Ordinal0 [0x00F0E546+976198]
	Ordinal0 [0x00F0F456+980054]
	GetHandleVerifier [0x01219632+1727522]
	GetHandleVerifier [0x012CBA4D+2457661]
	GetHandleVerifier [0x010FEB81+569713]
	GetHandleVerifier [0x010FDD76+566118]
	Ordinal0 [0x01000B2B+1968939]
	Ordinal0 [0x01005988+1989000]
	Ordinal0 [0x01005A75+1989237]
	Ordinal0 [0x0100ECB1+2026673]
	BaseThreadInitThunk [0x76A6FA29+25]
	RtlGetAppContainerNamedObjectPath [0x77447A9E+286]
	RtlGetAppContainerNamedObjectPath [0x77447A6E+238]
</msg>
<status status="FAIL" starttime="20220628 16:12:48.240" endtime="20220628 16:12:51.556"/>
</kw>
<kw name="Maximize Browser Window" library="SeleniumLibrary">
<doc>Maximizes current browser window.</doc>
<status status="NOT RUN" starttime="20220628 16:12:51.556" endtime="20220628 16:12:51.556"/>
</kw>
<status status="FAIL" starttime="20220628 16:12:48.240" endtime="20220628 16:12:51.556"/>
</kw>
<kw name="Fechar o navegador" library="amazon_resources" type="TEARDOWN">
<kw name="Capture Page Screenshot" library="SeleniumLibrary">
<doc>Takes a screenshot of the current page and embeds it into a log file.</doc>
<msg timestamp="20220628 16:12:51.561" level="INFO">Cannot capture screenshot because no browser is open.</msg>
<status status="PASS" starttime="20220628 16:12:51.561" endtime="20220628 16:12:51.561"/>
</kw>
<kw name="Close Browser" library="SeleniumLibrary">
<doc>Closes the current browser.</doc>
<status status="PASS" starttime="20220628 16:12:51.561" endtime="20220628 16:12:51.561"/>
</kw>
<status status="PASS" starttime="20220628 16:12:51.560" endtime="20220628 16:12:51.561"/>
</kw>
<doc>Esse teste verifica a busca de produto</doc>
<tag>Busca_produtos</tag>
<status status="FAIL" starttime="20220628 16:12:48.232" endtime="20220628 16:12:51.562">Setup failed:
SessionNotCreatedException: Message: session not created: This version of ChromeDriver only supports Chrome version 100
Current browser version is 102.0.5005.115 with binary path C:\Program Files\Google\Chrome\Application\chrome.exe
Stacktrace:
Backtrace:
	Ordinal0 [0x01067413+2389011]
	Ordinal0 [0x00FF9F61+1941345]
	Ordinal0 [0x00EEC658+837208]
	Ordinal0 [0x00F0C773+968563]
	Ordinal0 [0x00F0837A+951162]
	Ordinal0 [0x00F05C51+941137]
	Ordinal0 [0x00F38C80+1150080]
	Ordinal0 [0x00F388DA+1149146]
	Ordinal0 [0x00F33F66+1130342]
	Ordinal0 [0x00F0E546+976198]
	Ordinal0 [0x00F0F456+980054]
	GetHandleVerifier [0x01219632+1727522]
	GetHandleVerifier [0x012CBA4D+2457661]
	GetHandleVerifier [0x010FEB81+569713]
	GetHandleVerifier [0x010FDD76+566118]
	Ordinal0 [0x01000B2B+1968939]
	Ordinal0 [0x01005988+1989000]
	Ordinal0 [0x01005A75+1989237]
	Ordinal0 [0x0100ECB1+2026673]
	BaseThreadInitThunk [0x76A6FA29+25]
	RtlGetAppContainerNamedObjectPath [0x77447A9E+286]
	RtlGetAppContainerNamedObjectPath [0x77447A6E+238]
</status>
</test>
<doc>Essa suite testa o site da Amazon.com.br</doc>
<status status="FAIL" starttime="20220628 16:12:44.588" endtime="20220628 16:12:51.567"/>
</suite>
<statistics>
<total>
<stat pass="0" fail="2" skip="0">All Tests</stat>
</total>
<tag>
<stat pass="0" fail="1" skip="0">Busca_produtos</stat>
<stat pass="0" fail="1" skip="0">Menus</stat>
</tag>
<suite>
<stat pass="0" fail="2" skip="0" id="s1" name="Amazon Testes">Amazon Testes</stat>
</suite>
</statistics>
<errors>
</errors>
</robot>
